# JRE version: Java(TM) SE Runtime Environment (8.0_111-b14) (build 1.8.0_111-b14)
# Java VM: Java HotSpot(TM) 64-Bit Server VM (25.111-b14 mixed mode windows-amd64 compressed oops)
Heap:
 PSYoungGen      total 214528K, used 70738K [0x00000000d5e00000, 0x00000000e9c00000, 0x0000000100000000)
  eden space 115200K, 3% used [0x00000000d5e00000,0x00000000d6267b38,0x00000000dce80000)
  from space 99328K, 66% used [0x00000000e3280000,0x00000000e732cdc8,0x00000000e9380000)
  to   space 102400K, 0% used [0x00000000dce80000,0x00000000dce80000,0x00000000e3280000)
 ParOldGen       total 318464K, used 217314K [0x0000000081a00000, 0x0000000095100000, 0x00000000d5e00000)
  object space 318464K, 68% used [0x0000000081a00000,0x000000008ee389c8,0x0000000095100000)
 Metaspace       used 9013K, capacity 9136K, committed 9344K, reserved 1056768K
  class space    used 1068K, capacity 1124K, committed 1152K, reserved 1048576K
GC Heap History (10 events):
Event: 5.037 GC heap before
{Heap before GC invocations=24 (full 4):
 PSYoungGen      total 217600K, used 133646K [0x00000000d5e00000, 0x00000000e9c00000, 0x0000000100000000)
  eden space 115200K, 58% used [0x00000000d5e00000,0x00000000da035b78,0x00000000dce80000)
  from space 102400K, 64% used [0x00000000dce80000,0x00000000e0ecdd80,0x00000000e3280000)
  to   space 99328K, 0% used [0x00000000e3280000,0x00000000e3280000,0x00000000e9380000)
 ParOldGen       total 318464K, used 209541K [0x0000000081a00000, 0x0000000095100000, 0x00000000d5e00000)
  object space 318464K, 65% used [0x0000000081a00000,0x000000008e6a1510,0x0000000095100000)
 Metaspace       used 8939K, capacity 9072K, committed 9344K, reserved 1056768K
  class space    used 1068K, capacity 1124K, committed 1152K, reserved 1048576K
Event: 5.038 GC heap after
Heap after GC invocations=24 (full 4):
 PSYoungGen      total 214528K, used 2221K [0x00000000d5e00000, 0x00000000e9c00000, 0x0000000100000000)
  eden space 115200K, 0% used [0x00000000d5e00000,0x00000000d5e00000,0x00000000dce80000)
  from space 99328K, 2% used [0x00000000e3280000,0x00000000e34ab6f0,0x00000000e9380000)
  to   space 102400K, 0% used [0x00000000dce80000,0x00000000dce80000,0x00000000e3280000)
 ParOldGen       total 318464K, used 209541K [0x0000000081a00000, 0x0000000095100000, 0x00000000d5e00000)
  object space 318464K, 65% used [0x0000000081a00000,0x000000008e6a1510,0x0000000095100000)
 Metaspace       used 8939K, capacity 9072K, committed 9344K, reserved 1056768K
  class space    used 1068K, capacity 1124K, committed 1152K, reserved 1048576K
}
Event: 5.302 GC heap before
{Heap before GC invocations=25 (full 4):
 PSYoungGen      total 214528K, used 117421K [0x00000000d5e00000, 0x00000000e9c00000, 0x0000000100000000)
  eden space 115200K, 100% used [0x00000000d5e00000,0x00000000dce80000,0x00000000dce80000)
  from space 99328K, 2% used [0x00000000e3280000,0x00000000e34ab6f0,0x00000000e9380000)
  to   space 102400K, 0% used [0x00000000dce80000,0x00000000dce80000,0x00000000e3280000)
 ParOldGen       total 318464K, used 209542K [0x0000000081a00000, 0x0000000095100000, 0x00000000d5e00000)
  object space 318464K, 65% used [0x0000000081a00000,0x000000008e6a1af8,0x0000000095100000)
 Metaspace       used 9007K, capacity 9136K, committed 9344K, reserved 1056768K
  class space    used 1068K, capacity 1124K, committed 1152K, reserved 1048576K
Event: 5.351 GC heap after
Heap after GC invocations=25 (full 4):
 PSYoungGen      total 217600K, used 89637K [0x00000000d5e00000, 0x00000000e9c00000, 0x0000000100000000)
  eden space 115200K, 0% used [0x00000000d5e00000,0x00000000d5e00000,0x00000000dce80000)
  from space 102400K, 87% used [0x00000000dce80000,0x00000000e2609588,0x00000000e3280000)
  to   space 99328K, 0% used [0x00000000e3280000,0x00000000e3280000,0x00000000e9380000)
 ParOldGen       total 318464K, used 209550K [0x0000000081a00000, 0x0000000095100000, 0x00000000d5e00000)
  object space 318464K, 65% used [0x0000000081a00000,0x000000008e6a3af8,0x0000000095100000)
 Metaspace       used 9007K, capacity 9136K, committed 9344K, reserved 1056768K
  class space    used 1068K, capacity 1124K, committed 1152K, reserved 1048576K
}
Event: 5.498 GC heap before
{Heap before GC invocations=26 (full 4):
 PSYoungGen      total 217600K, used 187128K [0x00000000d5e00000, 0x00000000e9c00000, 0x0000000100000000)
  eden space 115200K, 84% used [0x00000000d5e00000,0x00000000dbd34b38,0x00000000dce80000)
  from space 102400K, 87% used [0x00000000dce80000,0x00000000e2609588,0x00000000e3280000)
  to   space 99328K, 0% used [0x00000000e3280000,0x00000000e3280000,0x00000000e9380000)
 ParOldGen       total 318464K, used 209550K [0x0000000081a00000, 0x0000000095100000, 0x00000000d5e00000)
  object space 318464K, 65% used [0x0000000081a00000,0x000000008e6a3af8,0x0000000095100000)
 Metaspace       used 9013K, capacity 9136K, committed 9344K, reserved 1056768K
  class space    used 1068K, capacity 1124K, committed 1152K, reserved 1048576K
Event: 5.510 GC heap after
Heap after GC invocations=26 (full 4):
 PSYoungGen      total 214528K, used 55174K [0x00000000d5e00000, 0x00000000e9c00000, 0x0000000100000000)
  eden space 115200K, 0% used [0x00000000d5e00000,0x00000000d5e00000,0x00000000dce80000)
  from space 99328K, 55% used [0x00000000e3280000,0x00000000e6861bc8,0x00000000e9380000)
  to   space 102400K, 0% used [0x00000000dce80000,0x00000000dce80000,0x00000000e3280000)
 ParOldGen       total 318464K, used 209550K [0x0000000081a00000, 0x0000000095100000, 0x00000000d5e00000)
  object space 318464K, 65% used [0x0000000081a00000,0x000000008e6a3af8,0x0000000095100000)
 Metaspace       used 9013K, capacity 9136K, committed 9344K, reserved 1056768K
  class space    used 1068K, capacity 1124K, committed 1152K, reserved 1048576K
}
Event: 5.721 GC heap before
{Heap before GC invocations=27 (full 4):
 PSYoungGen      total 214528K, used 170374K [0x00000000d5e00000, 0x00000000e9c00000, 0x0000000100000000)
  eden space 115200K, 100% used [0x00000000d5e00000,0x00000000dce80000,0x00000000dce80000)
  from space 99328K, 55% used [0x00000000e3280000,0x00000000e6861bc8,0x00000000e9380000)
  to   space 102400K, 0% used [0x00000000dce80000,0x00000000dce80000,0x00000000e3280000)
 ParOldGen       total 318464K, used 209550K [0x0000000081a00000, 0x0000000095100000, 0x00000000d5e00000)
  object space 318464K, 65% used [0x0000000081a00000,0x000000008e6a3af8,0x0000000095100000)
 Metaspace       used 9013K, capacity 9136K, committed 9344K, reserved 1056768K
  class space    used 1068K, capacity 1124K, committed 1152K, reserved 1048576K
Event: 5.775 GC heap after
Heap after GC invocations=27 (full 4):
 PSYoungGen      total 217600K, used 102387K [0x00000000d5e00000, 0x00000000e9c00000, 0x0000000100000000)
  eden space 115200K, 0% used [0x00000000d5e00000,0x00000000d5e00000,0x00000000dce80000)
  from space 102400K, 99% used [0x00000000dce80000,0x00000000e327cde8,0x00000000e3280000)
  to   space 99328K, 0% used [0x00000000e3280000,0x00000000e3280000,0x00000000e9380000)
 ParOldGen       total 318464K, used 217298K [0x0000000081a00000, 0x0000000095100000, 0x00000000d5e00000)
  object space 318464K, 68% used [0x0000000081a00000,0x000000008ee349c8,0x0000000095100000)
 Metaspace       used 9013K, capacity 9136K, committed 9344K, reserved 1056768K
  class space    used 1068K, capacity 1124K, committed 1152K, reserved 1048576K
}
Event: 5.990 GC heap before
{Heap before GC invocations=28 (full 4):
 PSYoungGen      total 217600K, used 217587K [0x00000000d5e00000, 0x00000000e9c00000, 0x0000000100000000)
  eden space 115200K, 100% used [0x00000000d5e00000,0x00000000dce80000,0x00000000dce80000)
  from space 102400K, 99% used [0x00000000dce80000,0x00000000e327cde8,0x00000000e3280000)
  to   space 99328K, 0% used [0x00000000e3280000,0x00000000e3280000,0x00000000e9380000)
 ParOldGen       total 318464K, used 217298K [0x0000000081a00000, 0x0000000095100000, 0x00000000d5e00000)
  object space 318464K, 68% used [0x0000000081a00000,0x000000008ee349c8,0x0000000095100000)
 Metaspace       used 9013K, capacity 9136K, committed 9344K, reserved 1056768K
  class space    used 1068K, capacity 1124K, committed 1152K, reserved 1048576K
Event: 6.007 GC heap after
Heap after GC invocations=28 (full 4):
 PSYoungGen      total 214528K, used 52659K [0x00000000d5e00000, 0x00000000e9c00000, 0x0000000100000000)
  eden space 115200K, 0% used [0x00000000d5e00000,0x00000000d5e00000,0x00000000dce80000)
  from space 99328K, 53% used [0x00000000e3280000,0x00000000e65ecdc8,0x00000000e9380000)
  to   space 102400K, 0% used [0x00000000dce80000,0x00000000dce80000,0x00000000e3280000)
 ParOldGen       total 318464K, used 217314K [0x0000000081a00000, 0x0000000095100000, 0x00000000d5e00000)
  object space 318464K, 68% used [0x0000000081a00000,0x000000008ee389c8,0x0000000095100000)
 Metaspace       used 9013K, capacity 9136K, committed 9344K, reserved 1056768K
  class space    used 1068K, capacity 1124K, committed 1152K, reserved 1048576K
}

